composeApp/build/intermediates/manifest_merge_blame_file/debug/processDebugMainManifest/manifest-merger-blame-debug-report.txt
1<?xml version="1.0" encoding="utf-8"?>
2<manifest xmlns:android="http://schemas.android.com/apk/res/android"
3    package="com.deon.shroom_oracle_kmp"
4    android:versionCode="1"
5    android:versionName="1.0" >
6
7    <uses-sdk
8        android:minSdkVersion="24"
9        android:targetSdkVersion="35" />
10
11    <uses-permission android:name="android.permission.CAMERA" />
11-->src\androidMain\AndroidManifest.xml:3:5-65
11-->src\androidMain\AndroidManifest.xml:3:22-62
12    <uses-permission android:name="android.permission.READ_EXTERNAL_STORAGE" />
12-->src\androidMain\AndroidManifest.xml:4:5-80
12-->src\androidMain\AndroidManifest.xml:4:22-77
13
14    <uses-feature
14-->src\androidMain\AndroidManifest.xml:5:5-85
15        android:name="android.hardware.camera"
15-->src\androidMain\AndroidManifest.xml:5:19-57
16        android:required="false" />
16-->src\androidMain\AndroidManifest.xml:5:58-82
17
18    <uses-permission android:name="android.permission.INTERNET" />
18-->src\androidMain\AndroidManifest.xml:6:5-67
18-->src\androidMain\AndroidManifest.xml:6:22-64
19
20    <permission
20-->[androidx.core:core:1.13.1] AndroidManifest.xml:22:5-24:47
21        android:name="com.deon.shroom_oracle_kmp.DYNAMIC_RECEIVER_NOT_EXPORTED_PERMISSION"
21-->[androidx.core:core:1.13.1] AndroidManifest.xml:23:9-81
22        android:protectionLevel="signature" />
22-->[androidx.core:core:1.13.1] AndroidManifest.xml:24:9-44
23
24    <uses-permission android:name="com.deon.shroom_oracle_kmp.DYNAMIC_RECEIVER_NOT_EXPORTED_PERMISSION" />
24-->[androidx.core:core:1.13.1] AndroidManifest.xml:26:5-97
24-->[androidx.core:core:1.13.1] AndroidManifest.xml:26:22-94
25
26    <application
26-->src\androidMain\AndroidManifest.xml:8:5-26:19
27        android:allowBackup="true"
27-->src\androidMain\AndroidManifest.xml:10:9-35
28        android:appComponentFactory="androidx.core.app.CoreComponentFactory"
28-->[androidx.core:core:1.13.1] AndroidManifest.xml:28:18-86
29        android:debuggable="true"
30        android:extractNativeLibs="false"
31        android:icon="@mipmap/ic_launcher"
31-->src\androidMain\AndroidManifest.xml:11:9-43
32        android:label="@string/app_name"
32-->src\androidMain\AndroidManifest.xml:12:9-41
33        android:networkSecurityConfig="@xml/network_security_config"
33-->src\androidMain\AndroidManifest.xml:9:9-69
34        android:roundIcon="@mipmap/ic_launcher_round"
34-->src\androidMain\AndroidManifest.xml:13:9-54
35        android:supportsRtl="true"
35-->src\androidMain\AndroidManifest.xml:14:9-35
36        android:testOnly="true"
37        android:theme="@android:style/Theme.Material.Light.NoActionBar" >
37-->src\androidMain\AndroidManifest.xml:15:9-72
38        <activity
38-->src\androidMain\AndroidManifest.xml:16:9-25:20
39            android:name="com.deon.shroom_oracle_kmp.MainActivity"
39-->src\androidMain\AndroidManifest.xml:19:13-41
40            android:configChanges="orientation|screenSize|screenLayout|keyboardHidden|mnc|colorMode|density|fontScale|fontWeightAdjustment|keyboard|layoutDirection|locale|mcc|navigation|smallestScreenSize|touchscreen|uiMode"
40-->src\androidMain\AndroidManifest.xml:18:13-225
41            android:exported="true" >
41-->src\androidMain\AndroidManifest.xml:17:13-36
42            <intent-filter>
42-->src\androidMain\AndroidManifest.xml:20:13-24:29
43                <action android:name="android.intent.action.MAIN" />
43-->src\androidMain\AndroidManifest.xml:21:17-69
43-->src\androidMain\AndroidManifest.xml:21:25-66
44
45                <category android:name="android.intent.category.LAUNCHER" />
45-->src\androidMain\AndroidManifest.xml:23:17-77
45-->src\androidMain\AndroidManifest.xml:23:27-74
46            </intent-filter>
47        </activity>
48
49        <provider
49-->[org.jetbrains.compose.components:components-resources-android:1.7.3] AndroidManifest.xml:8:9-13:20
50            android:name="org.jetbrains.compose.resources.AndroidContextProvider"
50-->[org.jetbrains.compose.components:components-resources-android:1.7.3] AndroidManifest.xml:9:13-82
51            android:authorities="com.deon.shroom_oracle_kmp.resources.AndroidContextProvider"
51-->[org.jetbrains.compose.components:components-resources-android:1.7.3] AndroidManifest.xml:10:13-84
52            android:enabled="true"
52-->[org.jetbrains.compose.components:components-resources-android:1.7.3] AndroidManifest.xml:11:13-35
53            android:exported="false" >
53-->[org.jetbrains.compose.components:components-resources-android:1.7.3] AndroidManifest.xml:12:13-37
54        </provider>
55
56        <activity
56-->[androidx.compose.ui:ui-tooling-android:1.7.6] AndroidManifest.xml:23:9-25:39
57            android:name="androidx.compose.ui.tooling.PreviewActivity"
57-->[androidx.compose.ui:ui-tooling-android:1.7.6] AndroidManifest.xml:24:13-71
58            android:exported="true" />
58-->[androidx.compose.ui:ui-tooling-android:1.7.6] AndroidManifest.xml:25:13-36
59
60        <provider
60-->[androidx.emoji2:emoji2:1.3.0] AndroidManifest.xml:24:9-32:20
61            android:name="androidx.startup.InitializationProvider"
61-->[androidx.emoji2:emoji2:1.3.0] AndroidManifest.xml:25:13-67
62            android:authorities="com.deon.shroom_oracle_kmp.androidx-startup"
62-->[androidx.emoji2:emoji2:1.3.0] AndroidManifest.xml:26:13-68
63            android:exported="false" >
63-->[androidx.emoji2:emoji2:1.3.0] AndroidManifest.xml:27:13-37
64            <meta-data
64-->[androidx.emoji2:emoji2:1.3.0] AndroidManifest.xml:29:13-31:52
65                android:name="androidx.emoji2.text.EmojiCompatInitializer"
65-->[androidx.emoji2:emoji2:1.3.0] AndroidManifest.xml:30:17-75
66                android:value="androidx.startup" />
66-->[androidx.emoji2:emoji2:1.3.0] AndroidManifest.xml:31:17-49
67            <meta-data
67-->[androidx.lifecycle:lifecycle-process:2.8.5] AndroidManifest.xml:29:13-31:52
68                android:name="androidx.lifecycle.ProcessLifecycleInitializer"
68-->[androidx.lifecycle:lifecycle-process:2.8.5] AndroidManifest.xml:30:17-78
69                android:value="androidx.startup" />
69-->[androidx.lifecycle:lifecycle-process:2.8.5] AndroidManifest.xml:31:17-49
70            <meta-data
70-->[androidx.profileinstaller:profileinstaller:1.4.0] AndroidManifest.xml:29:13-31:52
71                android:name="androidx.profileinstaller.ProfileInstallerInitializer"
71-->[androidx.profileinstaller:profileinstaller:1.4.0] AndroidManifest.xml:30:17-85
72                android:value="androidx.startup" />
72-->[androidx.profileinstaller:profileinstaller:1.4.0] AndroidManifest.xml:31:17-49
73        </provider>
74
75        <receiver
75-->[androidx.profileinstaller:profileinstaller:1.4.0] AndroidManifest.xml:34:9-52:20
76            android:name="androidx.profileinstaller.ProfileInstallReceiver"
76-->[androidx.profileinstaller:profileinstaller:1.4.0] AndroidManifest.xml:35:13-76
77            android:directBootAware="false"
77-->[androidx.profileinstaller:profileinstaller:1.4.0] AndroidManifest.xml:36:13-44
78            android:enabled="true"
78-->[androidx.profileinstaller:profileinstaller:1.4.0] AndroidManifest.xml:37:13-35
79            android:exported="true"
79-->[androidx.profileinstaller:profileinstaller:1.4.0] AndroidManifest.xml:38:13-36
80            android:permission="android.permission.DUMP" >
80-->[androidx.profileinstaller:profileinstaller:1.4.0] AndroidManifest.xml:39:13-57
81            <intent-filter>
81-->[androidx.profileinstaller:profileinstaller:1.4.0] AndroidManifest.xml:40:13-42:29
82                <action android:name="androidx.profileinstaller.action.INSTALL_PROFILE" />
82-->[androidx.profileinstaller:profileinstaller:1.4.0] AndroidManifest.xml:41:17-91
82-->[androidx.profileinstaller:profileinstaller:1.4.0] AndroidManifest.xml:41:25-88
83            </intent-filter>
84            <intent-filter>
84-->[androidx.profileinstaller:profileinstaller:1.4.0] AndroidManifest.xml:43:13-45:29
85                <action android:name="androidx.profileinstaller.action.SKIP_FILE" />
85-->[androidx.profileinstaller:profileinstaller:1.4.0] AndroidManifest.xml:44:17-85
85-->[androidx.profileinstaller:profileinstaller:1.4.0] AndroidManifest.xml:44:25-82
86            </intent-filter>
87            <intent-filter>
87-->[androidx.profileinstaller:profileinstaller:1.4.0] AndroidManifest.xml:46:13-48:29
88                <action android:name="androidx.profileinstaller.action.SAVE_PROFILE" />
88-->[androidx.profileinstaller:profileinstaller:1.4.0] AndroidManifest.xml:47:17-88
88-->[androidx.profileinstaller:profileinstaller:1.4.0] AndroidManifest.xml:47:25-85
89            </intent-filter>
90            <intent-filter>
90-->[androidx.profileinstaller:profileinstaller:1.4.0] AndroidManifest.xml:49:13-51:29
91                <action android:name="androidx.profileinstaller.action.BENCHMARK_OPERATION" />
91-->[androidx.profileinstaller:profileinstaller:1.4.0] AndroidManifest.xml:50:17-95
91-->[androidx.profileinstaller:profileinstaller:1.4.0] AndroidManifest.xml:50:25-92
92            </intent-filter>
93        </receiver>
94    </application>
95
96</manifest>